Start testing: Nov 24 02:23 CET
----------------------------------------------------------
1/1 Testing: ShortenerBasic
1/1 Test: ShortenerBasic
Command: "/home/mahmood/url-shortener/build/shortener_tests"
Directory: /home/mahmood/url-shortener/build
"ShortenerBasic" start time: Nov 24 02:23 CET
Output:
----------------------------------------------------------
All tests passed
<end of output>
Test time =   0.02 sec
----------------------------------------------------------
Test Passed.
"ShortenerBasic" end time: Nov 24 02:23 CET
"ShortenerBasic" time elapsed: 00:00:00
----------------------------------------------------------

End testing: Nov 24 02:23 CET
